#
# A fatal error has been detected by the Java Runtime Environment:
#
#  EXCEPTION_STACK_OVERFLOW (0xc00000fd) at pc=0x6400b9a3, pid=9056, tid=0x00001f0c
#
# JRE version: Java(TM) SE Runtime Environment (8.0_191-b12) (build 1.8.0_191-b12)
# Java VM: Java HotSpot(TM) Client VM (25.191-b12 mixed mode windows-x86 )
# Problematic frame:
# C  [jSSC-2.8_x86.dll+0xb9a3]
#
# Failed to write core dump. Minidumps are not enabled by default on client versions of Windows
#
# If you would like to submit a bug report, please visit:
#   http://bugreport.java.com/bugreport/crash.jsp
# The crash happened outside the Java Virtual Machine in native code.
# See problematic frame for where to report the bug.
#

---------------  T H R E A D  ---------------

Current thread (0x295c7400):  JavaThread "EventThread COM5" [_thread_in_native, id=7948, stack(0x26be0000,0x26c30000)]

siginfo: ExceptionCode=0xc00000fd, ExceptionInformation=0x00000001 0x26be06b0 

Registers:
EAX=0x000580d0, EBX=0x00f897b0, ECX=0x26be06b0, EDX=0x00000000
ESP=0x26c2f6a4, EBP=0x26c2f708, ESI=0x295c7540, EDI=0x00f897c4
EIP=0x6400b9a3, EFLAGS=0x00010202

Top of Stack: (sp=0x26c2f6a4)
0x26c2f6a4:   000a60d0 00000000 64001739 00000014
0x26c2f6b4:   53206f6e 00000001 00000000 00000000
0x26c2f6c4:   00000001 000a60d0 00000001 00000104
0x26c2f6d4:   26c2f6d8 00000ba4 02e18860 00000020
0x26c2f6e4:   00000020 00003000 00000020 295c7400
0x26c2f6f4:   00000000 26c30000 00000000 140059e0
0x26c2f704:   295c7400 26c2f738 02e246a5 295c7540
0x26c2f714:   26c2f724 00000ba4 00000000 000a60d0 

Instructions: (pc=0x6400b9a3)
0x6400b983:   fd ff ff eb 91 90 90 90 90 90 90 90 90 51 50 3d
0x6400b993:   00 10 00 00 8d 4c 24 0c 72 15 81 e9 00 10 00 00
0x6400b9a3:   83 09 00 2d 00 10 00 00 3d 00 10 00 00 77 eb 29
0x6400b9b3:   c1 83 09 00 58 59 c3 90 90 8b 44 24 04 c7 00 ff 


Register to memory mapping:

EAX=0x000580d0 is an unknown value
EBX=0x00f897b0 is an unknown value
ECX=0x26be06b0 is pointing into the stack for thread: 0x295c7400
EDX=0x00000000 is an unknown value
ESP=0x26c2f6a4 is pointing into the stack for thread: 0x295c7400
EBP=0x26c2f708 is pointing into the stack for thread: 0x295c7400
ESI=0x295c7540 is an unknown value
EDI=0x00f897c4 is an unknown value


Stack: [0x26be0000,0x26c30000],  sp=0x26c2f6a4,  free space=317k
Native frames: (J=compiled Java code, j=interpreted, Vv=VM code, C=native code)
C  [jSSC-2.8_x86.dll+0xb9a3]
J 2092  jssc.SerialNativeInterface.readBytes(JI)[B (0 bytes) @ 0x02e246a5 [0x02e24610+0x95]
J 2101% C1 jssc.SerialPort$EventThread.run()V (84 bytes) @ 0x02e2a780 [0x02e2a4d0+0x2b0]
v  ~StubRoutines::call_stub
V  [jvm.dll+0x15c315]
V  [jvm.dll+0x223ece]
V  [jvm.dll+0x15c3ae]
V  [jvm.dll+0x15c536]
V  [jvm.dll+0x15c5a7]
V  [jvm.dll+0x1002ef]
V  [jvm.dll+0x17f550]
V  [jvm.dll+0x17fdca]
V  [jvm.dll+0x1c57a6]
C  [msvcr100.dll+0x5c556]
C  [msvcr100.dll+0x5c600]
C  [KERNEL32.DLL+0x1fcc9]
C  [ntdll.dll+0x67c6e]
C  [ntdll.dll+0x67c3e]
C  0x00000000

Java frames: (J=compiled Java code, j=interpreted, Vv=VM code)
J 2092  jssc.SerialNativeInterface.readBytes(JI)[B (0 bytes) @ 0x02e24661 [0x02e24610+0x51]
J 2101% C1 jssc.SerialPort$EventThread.run()V (84 bytes) @ 0x02e2a780 [0x02e2a4d0+0x2b0]
v  ~StubRoutines::call_stub

---------------  P R O C E S S  ---------------

Java Threads: ( => current thread )
=>0x295c7400 JavaThread "EventThread COM5" [_thread_in_native, id=7948, stack(0x26be0000,0x26c30000)]
  0x295c6800 JavaThread "JmDNS(DESKTOP-H9MV6NV.local.).State.Timer" [_thread_blocked, id=1584, stack(0x2a9e0000,0x2aa30000)]
  0x295c4c00 JavaThread "JmDNS(DESKTOP-H9MV6NV.local.).Timer" daemon [_thread_blocked, id=6752, stack(0x2a950000,0x2a9a0000)]
  0x295c3000 JavaThread "SocketListener(DESKTOP-H9MV6NV.local.)" daemon [_thread_in_native, id=4968, stack(0x2a8c0000,0x2a910000)]
  0x27f22c00 JavaThread "JmDNS(DESKTOP-H9MV6NV.local.).State.Timer" [_thread_blocked, id=7616, stack(0x251d0000,0x25220000)]
  0x27f24400 JavaThread "JmDNS(DESKTOP-H9MV6NV.local.).Timer" daemon [_thread_blocked, id=13332, stack(0x02960000,0x029b0000)]
  0x27f23c00 JavaThread "SocketListener(DESKTOP-H9MV6NV.local.)" daemon [_thread_in_native, id=5816, stack(0x02820000,0x02870000)]
  0x27f25000 JavaThread "DestroyJavaVM" [_thread_blocked, id=15152, stack(0x02890000,0x028e0000)]
  0x27f22000 JavaThread "TimerQueue" daemon [_thread_blocked, id=14692, stack(0x2a510000,0x2a560000)]
  0x27f23800 JavaThread "AWT-EventQueue-0" [_thread_in_native, id=10020, stack(0x28750000,0x287a0000)]
  0x27f22400 JavaThread "AWT-Shutdown" [_thread_blocked, id=10208, stack(0x279b0000,0x27a00000)]
  0x27e5a800 JavaThread "Batik CleanerThread" daemon [_thread_blocked, id=10912, stack(0x27470000,0x274c0000)]
  0x27cc9000 JavaThread "Multihomed mDNS.Timer" daemon [_thread_blocked, id=7604, stack(0x27040000,0x27090000)]
  0x27cc8c00 JavaThread "cc.arduino.packages.discoverers.serial.SerialDiscovery" [_thread_blocked, id=15244, stack(0x26e00000,0x26e50000)]
  0x2676d000 JavaThread "AWT-Windows" daemon [_thread_in_native, id=6740, stack(0x26c70000,0x26cc0000)]
  0x2676c000 JavaThread "Java2D Disposer" daemon [_thread_blocked, id=16304, stack(0x26b50000,0x26ba0000)]
  0x25dca800 JavaThread "Service Thread" daemon [_thread_blocked, id=2872, stack(0x263f0000,0x26440000)]
  0x25dc2800 JavaThread "C1 CompilerThread0" daemon [_thread_blocked, id=12304, stack(0x26360000,0x263b0000)]
  0x25dc0c00 JavaThread "Attach Listener" daemon [_thread_blocked, id=15256, stack(0x262d0000,0x26320000)]
  0x25dbd000 JavaThread "Signal Dispatcher" daemon [_thread_blocked, id=12464, stack(0x26240000,0x26290000)]
  0x25dabc00 JavaThread "Finalizer" daemon [_thread_blocked, id=9060, stack(0x260b0000,0x26100000)]
  0x25da5c00 JavaThread "Reference Handler" daemon [_thread_blocked, id=14412, stack(0x26020000,0x26070000)]

Other Threads:
  0x25d90400 VMThread [stack: 0x25f90000,0x25fe0000] [id=7436]
  0x25dcdc00 WatcherThread [stack: 0x26480000,0x264d0000] [id=7328]

VM state:not at safepoint (normal execution)

VM Mutex/Monitor currently owned by a thread: None

Heap:
 def new generation   total 157248K, used 6909K [0x04c00000, 0x0f6a0000, 0x0f6a0000)
  eden space 139776K,   4% used [0x04c00000, 0x052bf468, 0x0d480000)
  from space 17472K,   0% used [0x0d480000, 0x0d480000, 0x0e590000)
  to   space 17472K,   0% used [0x0e590000, 0x0e590000, 0x0f6a0000)
 tenured generation   total 349568K, used 278895K [0x0f6a0000, 0x24c00000, 0x24c00000)
   the space 349568K,  79% used [0x0f6a0000, 0x206fbff0, 0x206fc000, 0x24c00000)
 Metaspace       used 22055K, capacity 22597K, committed 22656K, reserved 22912K

Card table byte_map: [0x04a60000,0x04b70000] byte_map_base: 0x04a3a000

Polling page: 0x00f70000

CodeCache: size=32768Kb used=4940Kb max_used=4940Kb free=27827Kb
 bounds [0x02a60000, 0x02f38000, 0x04a60000]
 total_blobs=3062 nmethods=2780 adapters=212
 compilation: enabled

Compilation events (10 events):
Event: 121.373 Thread 0x25dc2800 2810             java.awt.font.TextLayout::<init> (64 bytes)
Event: 121.373 Thread 0x25dc2800 nmethod 2810 0x02f32808 code [0x02f32900, 0x02f32a00]
Event: 121.373 Thread 0x25dc2800 2811             sun.font.AttributeValues::equals (332 bytes)
Event: 121.375 Thread 0x25dc2800 nmethod 2811 0x02f32a88 code [0x02f32c00, 0x02f3317c]
Event: 121.375 Thread 0x25dc2800 2812             java.lang.Float::equals (33 bytes)
Event: 121.375 Thread 0x25dc2800 nmethod 2812 0x02f33488 code [0x02f33580, 0x02f336e0]
Event: 121.375 Thread 0x25dc2800 2813             java.text.BreakIterator$BreakIteratorCache::getLocale (5 bytes)
Event: 121.375 Thread 0x25dc2800 nmethod 2813 0x02f33788 code [0x02f33880, 0x02f33900]
Event: 121.375 Thread 0x25dc2800 2814             java.text.BreakIterator$BreakIteratorCache::createBreakInstance (11 bytes)
Event: 121.375 Thread 0x25dc2800 nmethod 2814 0x02f33948 code [0x02f33a50, 0x02f33b0c]

GC Heap History (10 events):
Event: 116.359 GC heap before
{Heap before GC invocations=15 (full 4):
 def new generation   total 86976K, used 74043K [0x04c00000, 0x0aa60000, 0x0f6a0000)
  eden space 77312K,  83% used [0x04c00000, 0x08adede8, 0x09780000)
  from space 9664K, 100% used [0x09780000, 0x0a0f0000, 0x0a0f0000)
  to   space 9664K,   0% used [0x0a0f0000, 0x0a0f0000, 0x0aa60000)
 tenured generation   total 193200K, used 133236K [0x0f6a0000, 0x1b34c000, 0x24c00000)
   the space 193200K,  68% used [0x0f6a0000, 0x178bd3c0, 0x178bd400, 0x1b34c000)
 Metaspace       used 21782K, capacity 22339K, committed 22400K, reserved 22912K
Event: 116.453 GC heap after
Heap after GC invocations=16 (full 4):
 def new generation   total 86976K, used 9663K [0x04c00000, 0x0aa60000, 0x0f6a0000)
  eden space 77312K,   0% used [0x04c00000, 0x04c00000, 0x09780000)
  from space 9664K,  99% used [0x0a0f0000, 0x0aa5fff8, 0x0aa60000)
  to   space 9664K,   0% used [0x09780000, 0x09780000, 0x0a0f0000)
 tenured generation   total 193200K, used 161773K [0x0f6a0000, 0x1b34c000, 0x24c00000)
   the space 193200K,  83% used [0x0f6a0000, 0x1949b610, 0x1949b800, 0x1b34c000)
 Metaspace       used 21782K, capacity 22339K, committed 22400K, reserved 22912K
}
Event: 118.429 GC heap before
{Heap before GC invocations=16 (full 4):
 def new generation   total 86976K, used 86975K [0x04c00000, 0x0aa60000, 0x0f6a0000)
  eden space 77312K, 100% used [0x04c00000, 0x09780000, 0x09780000)
  from space 9664K,  99% used [0x0a0f0000, 0x0aa5fff8, 0x0aa60000)
  to   space 9664K,   0% used [0x09780000, 0x09780000, 0x0a0f0000)
 tenured generation   total 193200K, used 161773K [0x0f6a0000, 0x1b34c000, 0x24c00000)
   the space 193200K,  83% used [0x0f6a0000, 0x1949b660, 0x1949b800, 0x1b34c000)
 Metaspace       used 21782K, capacity 22339K, committed 22400K, reserved 22912K
Event: 118.479 GC heap after
Heap after GC invocations=17 (full 4):
 def new generation   total 86976K, used 9663K [0x04c00000, 0x0aa60000, 0x0f6a0000)
  eden space 77312K,   0% used [0x04c00000, 0x04c00000, 0x09780000)
  from space 9664K,  99% used [0x09780000, 0x0a0efff8, 0x0a0f0000)
  to   space 9664K,   0% used [0x0a0f0000, 0x0a0f0000, 0x0aa60000)
 tenured generation   total 193200K, used 189042K [0x0f6a0000, 0x1b34c000, 0x24c00000)
   the space 193200K,  97% used [0x0f6a0000, 0x1af3cb08, 0x1af3cc00, 0x1b34c000)
 Metaspace       used 21782K, capacity 22339K, committed 22400K, reserved 22912K
}
Event: 119.714 GC heap before
{Heap before GC invocations=17 (full 4):
 def new generation   total 86976K, used 86975K [0x04c00000, 0x0aa60000, 0x0f6a0000)
  eden space 77312K, 100% used [0x04c00000, 0x09780000, 0x09780000)
  from space 9664K,  99% used [0x09780000, 0x0a0efff8, 0x0a0f0000)
  to   space 9664K,   0% used [0x0a0f0000, 0x0a0f0000, 0x0aa60000)
 tenured generation   total 193200K, used 189042K [0x0f6a0000, 0x1b34c000, 0x24c00000)
   the space 193200K,  97% used [0x0f6a0000, 0x1af3cb08, 0x1af3cc00, 0x1b34c000)
 Metaspace       used 21782K, capacity 22339K, committed 22400K, reserved 22912K
Event: 120.171 GC heap after
Heap after GC invocations=18 (full 5):
 def new generation   total 115200K, used 0K [0x04c00000, 0x0c8f0000, 0x0f6a0000)
  eden space 102464K,   0% used [0x04c00000, 0x04c00000, 0x0b010000)
  from space 12736K,   0% used [0x0b010000, 0x0b010000, 0x0bc80000)
  to   space 12736K,   0% used [0x0bc80000, 0x0bc80000, 0x0c8f0000)
 tenured generation   total 255728K, used 153435K [0x0f6a0000, 0x1f05c000, 0x24c00000)
   the space 255728K,  59% used [0x0f6a0000, 0x18c76f80, 0x18c77000, 0x1f05c000)
 Metaspace       used 21782K, capacity 22339K, committed 22400K, reserved 22912K
}
Event: 120.721 GC heap before
{Heap before GC invocations=18 (full 5):
 def new generation   total 115200K, used 102464K [0x04c00000, 0x0c8f0000, 0x0f6a0000)
  eden space 102464K, 100% used [0x04c00000, 0x0b010000, 0x0b010000)
  from space 12736K,   0% used [0x0b010000, 0x0b010000, 0x0bc80000)
  to   space 12736K,   0% used [0x0bc80000, 0x0bc80000, 0x0c8f0000)
 tenured generation   total 255728K, used 153435K [0x0f6a0000, 0x1f05c000, 0x24c00000)
   the space 255728K,  59% used [0x0f6a0000, 0x18c76f80, 0x18c77000, 0x1f05c000)
 Metaspace       used 21872K, capacity 22437K, committed 22528K, reserved 22912K
Event: 120.905 GC heap after
Heap after GC invocations=19 (full 5):
 def new generation   total 115200K, used 12736K [0x04c00000, 0x0c8f0000, 0x0f6a0000)
  eden space 102464K,   0% used [0x04c00000, 0x04c00000, 0x0b010000)
  from space 12736K, 100% used [0x0bc80000, 0x0c8f0000, 0x0c8f0000)
  to   space 12736K,   0% used [0x0b010000, 0x0b010000, 0x0bc80000)
 tenured generation   total 255728K, used 200791K [0x0f6a0000, 0x1f05c000, 0x24c00000)
   the space 255728K,  78% used [0x0f6a0000, 0x1bab5d78, 0x1bab5e00, 0x1f05c000)
 Metaspace       used 21872K, capacity 22437K, committed 22528K, reserved 22912K
}
Event: 121.564 GC heap before
{Heap before GC invocations=19 (full 5):
 def new generation   total 115200K, used 115200K [0x04c00000, 0x0c8f0000, 0x0f6a0000)
  eden space 102464K, 100% used [0x04c00000, 0x0b010000, 0x0b010000)
  from space 12736K, 100% used [0x0bc80000, 0x0c8f0000, 0x0c8f0000)
  to   space 12736K,   0% used [0x0b010000, 0x0b010000, 0x0bc80000)
 tenured generation   total 255728K, used 200791K [0x0f6a0000, 0x1f05c000, 0x24c00000)
   the space 255728K,  78% used [0x0f6a0000, 0x1bab5d78, 0x1bab5e00, 0x1f05c000)
 Metaspace       used 22055K, capacity 22597K, committed 22656K, reserved 22912K
Event: 122.538 GC heap after
Heap after GC invocations=20 (full 6):
 def new generation   total 157248K, used 1613K [0x04c00000, 0x0f6a0000, 0x0f6a0000)
  eden space 139776K,   1% used [0x04c00000, 0x04d93730, 0x0d480000)
  from space 17472K,   0% used [0x0d480000, 0x0d480000, 0x0e590000)
  to   space 17472K,   0% used [0x0e590000, 0x0e590000, 0x0f6a0000)
 tenured generation   total 349568K, used 278895K [0x0f6a0000, 0x24c00000, 0x24c00000)
   the space 349568K,  79% used [0x0f6a0000, 0x206fbff0, 0x206fc000, 0x24c00000)
 Metaspace       used 22055K, capacity 22597K, committed 22656K, reserved 22912K
}

Deoptimization events (0 events):
No events

Classes redefined (0 events):
No events

Internal exceptions (10 events):
Event: 75.225 Thread 0x27f24c00 Exception <a 'sun/nio/fs/WindowsException'> (0x060e21d8) thrown at [C:\workspace\8-2-build-windows-i586-cygwin\jdk8u191\11896\hotspot\src\share\vm\prims\jni.cpp, line 709]
Event: 75.226 Thread 0x27f24c00 Exception <a 'sun/nio/fs/WindowsException'> (0x060e28d0) thrown at [C:\workspace\8-2-build-windows-i586-cygwin\jdk8u191\11896\hotspot\src\share\vm\prims\jni.cpp, line 709]
Event: 75.227 Thread 0x27f24c00 Exception <a 'sun/nio/fs/WindowsException'> (0x060e8418) thrown at [C:\workspace\8-2-build-windows-i586-cygwin\jdk8u191\11896\hotspot\src\share\vm\prims\jni.cpp, line 709]
Event: 75.227 Thread 0x27f24c00 Exception <a 'sun/nio/fs/WindowsException'> (0x060e8b00) thrown at [C:\workspace\8-2-build-windows-i586-cygwin\jdk8u191\11896\hotspot\src\share\vm\prims\jni.cpp, line 709]
Event: 75.229 Thread 0x27f24c00 Exception <a 'sun/nio/fs/WindowsException'> (0x060f7020) thrown at [C:\workspace\8-2-build-windows-i586-cygwin\jdk8u191\11896\hotspot\src\share\vm\prims\jni.cpp, line 709]
Event: 75.229 Thread 0x27f24c00 Exception <a 'sun/nio/fs/WindowsException'> (0x060f7768) thrown at [C:\workspace\8-2-build-windows-i586-cygwin\jdk8u191\11896\hotspot\src\share\vm\prims\jni.cpp, line 709]
Event: 75.231 Thread 0x27f24c00 Exception <a 'sun/nio/fs/WindowsException'> (0x06101908) thrown at [C:\workspace\8-2-build-windows-i586-cygwin\jdk8u191\11896\hotspot\src\share\vm\prims\jni.cpp, line 709]
Event: 75.231 Thread 0x27f24c00 Exception <a 'sun/nio/fs/WindowsException'> (0x06101ff0) thrown at [C:\workspace\8-2-build-windows-i586-cygwin\jdk8u191\11896\hotspot\src\share\vm\prims\jni.cpp, line 709]
Event: 75.233 Thread 0x27f24c00 Exception <a 'sun/nio/fs/WindowsException'> (0x0610beb8) thrown at [C:\workspace\8-2-build-windows-i586-cygwin\jdk8u191\11896\hotspot\src\share\vm\prims\jni.cpp, line 709]
Event: 75.234 Thread 0x27f24c00 Exception <a 'sun/nio/fs/WindowsException'> (0x0610c5a0) thrown at [C:\workspace\8-2-build-windows-i586-cygwin\jdk8u191\11896\hotspot\src\share\vm\prims\jni.cpp, line 709]

Events (10 events):
Event: 121.065 loading class java/awt/font/TextLine$TextLineMetrics
Event: 121.065 loading class java/awt/font/TextLine$TextLineMetrics done
Event: 121.065 loading class java/awt/font/TextLayout
Event: 121.067 loading class java/awt/font/TextLayout done
Event: 121.067 loading class java/awt/font/TextLayout$CaretPolicy
Event: 121.067 loading class java/awt/font/TextLayout$CaretPolicy done
Event: 121.067 loading class javax/swing/text/GlyphPainter2
Event: 121.068 loading class javax/swing/text/GlyphPainter2 done
Event: 121.564 Executing VM operation: GenCollectForAllocation
Event: 122.538 Executing VM operation: GenCollectForAllocation done


Dynamic libraries:
0x00440000 - 0x00473000 	C:\Program Files (x86)\Arduino\java\bin\javaw.exe
0x77af0000 - 0x77c94000 	C:\Windows\SYSTEM32\ntdll.dll
0x75f80000 - 0x76070000 	C:\Windows\System32\KERNEL32.DLL
0x76f50000 - 0x7718a000 	C:\Windows\System32\KERNELBASE.dll
0x759d0000 - 0x75a4b000 	C:\Windows\System32\ADVAPI32.dll
0x76ce0000 - 0x76d9f000 	C:\Windows\System32\msvcrt.dll
0x764a0000 - 0x76516000 	C:\Windows\System32\sechost.dll
0x76e90000 - 0x76f4f000 	C:\Windows\System32\RPCRT4.dll
0x76b30000 - 0x76ccc000 	C:\Windows\System32\USER32.dll
0x778e0000 - 0x778f8000 	C:\Windows\System32\win32u.dll
0x77a50000 - 0x77a74000 	C:\Windows\System32\GDI32.dll
0x777f0000 - 0x778d8000 	C:\Windows\System32\gdi32full.dll
0x77770000 - 0x777eb000 	C:\Windows\System32\msvcp_win.dll
0x767a0000 - 0x768c0000 	C:\Windows\System32\ucrtbase.dll
0x74740000 - 0x74950000 	C:\Windows\WinSxS\x86_microsoft.windows.common-controls_6595b64144ccf1df_6.0.19041.3570_none_a868611086700d20\COMCTL32.dll
0x76920000 - 0x76945000 	C:\Windows\System32\IMM32.DLL
0x74680000 - 0x7473f000 	C:\Program Files (x86)\Arduino\java\bin\msvcr100.dll
0x742a0000 - 0x74673000 	C:\Program Files (x86)\Arduino\java\bin\client\jvm.dll
0x760c0000 - 0x760c6000 	C:\Windows\System32\PSAPI.DLL
0x74280000 - 0x74288000 	C:\Windows\SYSTEM32\WSOCK32.dll
0x755a0000 - 0x755c8000 	C:\Windows\SYSTEM32\WINMM.dll
0x74290000 - 0x74298000 	C:\Windows\SYSTEM32\VERSION.dll
0x760d0000 - 0x76133000 	C:\Windows\System32\WS2_32.dll
0x74250000 - 0x74280000 	C:\Program Files (x86)\Arduino\java\bin\splashscreen.dll
0x757e0000 - 0x75854000 	C:\Windows\system32\uxtheme.dll
0x76520000 - 0x767a0000 	C:\Windows\System32\combase.dll
0x74240000 - 0x7424c000 	C:\Program Files (x86)\Arduino\java\bin\verify.dll
0x74210000 - 0x74232000 	C:\Program Files (x86)\Arduino\java\bin\java.dll
0x76a50000 - 0x76b24000 	C:\Windows\System32\MSCTF.dll
0x76280000 - 0x76316000 	C:\Windows\System32\OLEAUT32.dll
0x741f0000 - 0x74204000 	C:\Program Files (x86)\Arduino\java\bin\zip.dll
0x74e10000 - 0x74e1f000 	C:\Windows\SYSTEM32\kernel.appcore.dll
0x77a80000 - 0x77adf000 	C:\Windows\System32\bcryptPrimitives.dll
0x74130000 - 0x741ea000 	C:\Windows\SYSTEM32\textinputframework.dll
0x73eb0000 - 0x7412f000 	C:\Windows\System32\CoreUIComponents.dll
0x73e10000 - 0x73eab000 	C:\Windows\System32\CoreMessaging.dll
0x761f0000 - 0x76277000 	C:\Windows\System32\SHCORE.dll
0x73de0000 - 0x73e09000 	C:\Windows\SYSTEM32\ntmarta.dll
0x73d00000 - 0x73ddc000 	C:\Windows\SYSTEM32\wintypes.dll
0x77190000 - 0x77747000 	C:\Windows\System32\SHELL32.dll
0x74f10000 - 0x75523000 	C:\Windows\SYSTEM32\windows.storage.dll
0x74ee0000 - 0x74f04000 	C:\Windows\SYSTEM32\Wldp.dll
0x779e0000 - 0x77a25000 	C:\Windows\System32\shlwapi.dll
0x74ec0000 - 0x74edc000 	C:\Windows\SYSTEM32\profapi.dll
0x61940000 - 0x619b3000 	C:\Program Files (x86)\Arduino\lib\listSerialsj.dll
0x75ae0000 - 0x75f18000 	C:\Windows\System32\SETUPAPI.dll
0x75990000 - 0x759cb000 	C:\Windows\System32\cfgmgr32.dll
0x77750000 - 0x77769000 	C:\Windows\System32\bcrypt.dll
0x73ce0000 - 0x73cfd000 	C:\Program Files (x86)\Arduino\lib\jnidispatch-4.2.2-win32-x86.dll
0x76da0000 - 0x76e83000 	C:\Windows\System32\Ole32.dll
0x73cc0000 - 0x73cd5000 	C:\Program Files (x86)\Arduino\java\bin\net.dll
0x75530000 - 0x75582000 	C:\Windows\system32\mswsock.dll
0x73cb0000 - 0x73cbf000 	C:\Program Files (x86)\Arduino\java\bin\nio.dll
0x73b60000 - 0x73ca7000 	C:\Program Files (x86)\Arduino\java\bin\awt.dll
0x74e20000 - 0x74ebf000 	C:\Windows\SYSTEM32\apphelp.dll
0x73b30000 - 0x73b56000 	C:\Windows\system32\DWMAPI.DLL
0x73af0000 - 0x73b29000 	C:\Program Files (x86)\Arduino\java\bin\fontmanager.dll
0x739e0000 - 0x73ae3000 	C:\Windows\system32\opengl32.dll
0x739a0000 - 0x739df000 	C:\Windows\SYSTEM32\GLU32.dll
0x73960000 - 0x73992000 	C:\Program Files (x86)\Arduino\java\bin\t2k.dll
0x73920000 - 0x73952000 	C:\Windows\SYSTEM32\IPHLPAPI.DLL
0x76320000 - 0x76327000 	C:\Windows\System32\NSI.dll
0x73900000 - 0x73914000 	C:\Windows\SYSTEM32\dhcpcsvc6.DLL
0x738e0000 - 0x738f6000 	C:\Windows\SYSTEM32\dhcpcsvc.DLL
0x73850000 - 0x738e0000 	C:\Windows\SYSTEM32\DNSAPI.dll
0x73830000 - 0x73841000 	C:\Windows\system32\napinsp.dll
0x73810000 - 0x73826000 	C:\Windows\system32\pnrpnsp.dll
0x73800000 - 0x73810000 	C:\Windows\system32\wshbth.dll
0x737e0000 - 0x737f6000 	C:\Windows\system32\NLAapi.dll
0x737d0000 - 0x737de000 	C:\Windows\System32\winrnr.dll
0x73760000 - 0x737c9000 	C:\Program Files (x86)\Arduino\msvcp100.dll
0x736a0000 - 0x7375e000 	C:\Program Files (x86)\Arduino\msvcr100.dll
0x272b0000 - 0x272e2000 	C:\Program Files (x86)\Arduino\lib\AStylej.dll
0x73670000 - 0x73694000 	C:\Program Files (x86)\Arduino\java\bin\dcpr.dll
0x77900000 - 0x7797e000 	C:\Windows\System32\clbcatq.dll
0x734f0000 - 0x73661000 	C:\Windows\SYSTEM32\WindowsCodecs.dll
0x734b0000 - 0x734e1000 	C:\Windows\system32\dataexchange.dll
0x73160000 - 0x732c4000 	C:\Windows\system32\dcomp.dll
0x732d0000 - 0x734b0000 	C:\Windows\system32\d3d11.dll
0x73090000 - 0x73152000 	C:\Windows\system32\dxgi.dll
0x72ef0000 - 0x73084000 	C:\Windows\system32\twinapi.appcore.dll
0x72ed0000 - 0x72ef0000 	C:\Program Files (x86)\Arduino\java\bin\sunec.dll
0x72eb0000 - 0x72ec3000 	C:\Windows\SYSTEM32\CRYPTSP.dll
0x72e80000 - 0x72eaf000 	C:\Windows\system32\rsaenh.dll
0x757a0000 - 0x757c5000 	C:\Windows\SYSTEM32\USERENV.dll
0x72e70000 - 0x72e7a000 	C:\Windows\SYSTEM32\CRYPTBASE.dll
0x72e60000 - 0x72e69000 	C:\Program Files (x86)\Arduino\java\bin\sunmscapi.dll
0x76950000 - 0x76a4f000 	C:\Windows\System32\CRYPT32.dll
0x72e00000 - 0x72e59000 	C:\Windows\System32\fwpuclnt.dll
0x72df0000 - 0x72df8000 	C:\Windows\System32\rasadhlp.dll
0x74de0000 - 0x74e09000 	C:\Windows\SYSTEM32\DEVOBJ.dll
0x76070000 - 0x760bc000 	C:\Windows\System32\WINTRUST.dll
0x74dd0000 - 0x74dde000 	C:\Windows\SYSTEM32\MSASN1.dll
0x64000000 - 0x6401b000 	C:\Program Files (x86)\Arduino\lib\jSSC-2.8_x86.dll
0x74d70000 - 0x74dc4000 	C:\Windows\system32\Ninput.dll
0x74be0000 - 0x74d68000 	C:\Windows\SYSTEM32\dbghelp.dll

VM Arguments:
jvm_args: -Dsun.java2d.d3d=false -Djna.nosys=true -Djna.nounpack=true -Djna.boot.library.name=jnidispatch-4.2.2-win32-x86 -Djna.boot.library.path=C:\Program Files (x86)\Arduino/lib -Djssc.library.path=C:\Program Files (x86)\Arduino/lib -DAPP_DIR=C:\Program Files (x86)\Arduino -Xms128M -Xmx512M -Dfile.encoding=UTF8 -Djava.net.preferIPv4Stack=true 
java_command: processing.app.Base C:\Users\sajee\OneDrive\Desktop\DIgital Communication\Slave\Slave.ino
java_class_path (initial): C:\Program Files (x86)\Arduino\lib\apple.jar;C:\Program Files (x86)\Arduino\lib\arduino-core.jar;C:\Program Files (x86)\Arduino\lib\batik-1.8.jar;C:\Program Files (x86)\Arduino\lib\batik-anim-1.8.jar;C:\Program Files (x86)\Arduino\lib\batik-awt-util-1.8.jar;C:\Program Files (x86)\Arduino\lib\batik-bridge-1.8.jar;C:\Program Files (x86)\Arduino\lib\batik-codec-1.8.jar;C:\Program Files (x86)\Arduino\lib\batik-css-1.8.jar;C:\Program Files (x86)\Arduino\lib\batik-dom-1.8.jar;C:\Program Files (x86)\Arduino\lib\batik-ext-1.8.jar;C:\Program Files (x86)\Arduino\lib\batik-gvt-1.8.jar;C:\Program Files (x86)\Arduino\lib\batik-parser-1.8.jar;C:\Program Files (x86)\Arduino\lib\batik-rasterizer-1.8.jar;C:\Program Files (x86)\Arduino\lib\batik-script-1.8.jar;C:\Program Files (x86)\Arduino\lib\batik-squiggle-1.8.jar;C:\Program Files (x86)\Arduino\lib\batik-svg-dom-1.8.jar;C:\Program Files (x86)\Arduino\lib\batik-svgpp-1.8.jar;C:\Program Files (x86)\Arduino\lib\batik-transcoder-1.8.jar;C:\Program Files (x86)\Arduino\lib\batik-util-1.8.jar;C:\Program Files (x86)\Arduino\lib\batik-xml-1.8.jar;C:\Program Files (x86)\Arduino\lib\bcpg-jdk15on-152.jar;C:\Program Files (x86)\Arduino\lib\bcprov-jdk15on-152.jar;C:\Program Files (x86)\Arduino\lib\commons-codec-1.7.jar;C:\Program Files (x86)\Arduino\lib\commons-compress-1.8.jar;C:\Program Files (x86)\Arduino\lib\commons-exec-1.1.jar;C:\Program Files (x86)\Arduino\lib\commons-httpclient-3.1.jar;C:\Program Files (x86)\Arduino\lib\commons-lang3-3.8.1.jar;C:\Program Files (x86)\Arduino\lib\commons-logging-1.0.4.jar;C:\Program Files (x86)\Arduino\lib\commons-net-3.3.jar;C:\Program Files (x86)\Arduino\lib\commons-io-2.6.jar;C:\Program Files (x86)\Arduino\lib\jackson-annotations-2.9.5.jar;C:\Program Files (x86)\Arduino\lib\jackson-core-2.9.5.jar;C:\Program Files (x86)\Arduino\lib\jackson-databind-2.9.5.jar;C:\Program Files (x86)\Arduino\lib\java-semver-0.8.0.jar;C:\Program Files (x86)\Arduino\lib\jmdns-3.5.5.jar;C:\Program
Launcher Type: SUN_STANDARD

Environment Variables:
PATH=C:\Windows\system32;C:\Windows;C:\Windows\System32\Wbem;C:\Windows\System32\WindowsPowerShell\v1.0\;C:\Windows\System32\OpenSSH\;C:\Program Files (x86)\Microsoft SQL Server\100\Tools\Binn\;C:\Program Files\Microsoft SQL Server\100\Tools\Binn\;C:\Program Files\Microsoft SQL Server\100\DTS\Binn\;C:\Program Files (x86)\Microsoft SQL Server\100\Tools\Binn\VSShell\Common7\IDE\;C:\Program Files (x86)\Microsoft SQL Server\100\DTS\Binn\;C:\Users\sajee\AppData\Local\Programs\Python\Python38-32\Scripts\;C:\Users\sajee\AppData\Local\Programs\Python\Python38-32\;C:\Users\sajee\AppData\Local\Microsoft\WindowsApps;C:\Users\sajee\AppData\Local\Programs\Microsoft VS Code\bin;C:\Users\sajee\anaconda3\condabin\;;C:\Program Files (x86)\Arduino\java\bin
USERNAME=sajee
OS=Windows_NT
PROCESSOR_IDENTIFIER=Intel64 Family 6 Model 142 Stepping 12, GenuineIntel



---------------  S Y S T E M  ---------------

OS: Windows 10.0 , 64 bit Build 19041 (10.0.19041.3570)

CPU:total 8 (initial active 8) (4 cores per cpu, 2 threads per core) family 6 model 142 stepping 12, cmov, cx8, fxsr, mmx, sse, sse2, sse3, ssse3, sse4.1, sse4.2, popcnt, avx, avx2, aes, clmul, erms, 3dnowpref, lzcnt, ht, tsc, tscinvbit, bmi1, bmi2, adx

Memory: 4k page, physical 16619256k(10844704k free), swap 19109624k(12198836k free)

vm_info: Java HotSpot(TM) Client VM (25.191-b12) for windows-x86 JRE (1.8.0_191-b12), built on Oct  6 2018 08:34:23 by "java_re" with MS VC++ 10.0 (VS2010)

time: Tue Nov 07 18:03:46 2023
elapsed time: 122 seconds (0d 0h 2m 2s)

